g:\git\dx_clock\dx_clock\x64\debug\vc143.pdb
g:\git\dx_clock\dx_clock\x64\debug\vc143.idb
g:\git\dx_clock\dx_clock\x64\debug\main.obj
g:\git\dx_clock\dx_clock\x64\debug\appstate.obj
g:\git\dx_clock\dx_clock\x64\debug\appmode.obj
g:\git\dx_clock\dx_clock\x64\debug\guibutton.obj
g:\git\dx_clock\dx_clock\x64\debug\[1] guibutton.obj
g:\git\dx_clock\dx_clock\x64\debug\[2] clock.obj
g:\git\dx_clock\dx_clock\x64\debug\[0] appstate.obj
g:\git\dx_clock\dx_clock\x64\debug\[3] alarm.obj
g:\git\dx_clock\dx_clock\x64\debug\01_guibutton.obj
g:\git\dx_clock\dx_clock\x64\debug\02_clock.obj
g:\git\dx_clock\dx_clock\x64\debug\00_appstate.obj
g:\git\dx_clock\dx_clock\x64\debug\03_alarm.obj
g:\git\dx_clock\x64\debug\dx_clock.exe
g:\git\dx_clock\x64\debug\dx_clock.pdb
g:\git\dx_clock\dx_clock\x64\debug\dx_clock.ilk
g:\git\dx_clock\dx_clock\x64\debug\clock.obj
g:\git\dx_clock\dx_clock\x64\debug\[0] clockapp.obj
g:\git\dx_clock\dx_clock\x64\debug\dx_clock.tlog\cl.command.1.tlog
g:\git\dx_clock\dx_clock\x64\debug\dx_clock.tlog\cl.items.tlog
g:\git\dx_clock\dx_clock\x64\debug\dx_clock.tlog\cl.read.1.tlog
g:\git\dx_clock\dx_clock\x64\debug\dx_clock.tlog\cl.write.1.tlog
g:\git\dx_clock\dx_clock\x64\debug\dx_clock.tlog\link-cvtres.read.1.tlog
g:\git\dx_clock\dx_clock\x64\debug\dx_clock.tlog\link-cvtres.write.1.tlog
g:\git\dx_clock\dx_clock\x64\debug\dx_clock.tlog\link-rc.read.1.tlog
g:\git\dx_clock\dx_clock\x64\debug\dx_clock.tlog\link-rc.write.1.tlog
g:\git\dx_clock\dx_clock\x64\debug\dx_clock.tlog\link.25872-cvtres.read.1.tlog
g:\git\dx_clock\dx_clock\x64\debug\dx_clock.tlog\link.25872-cvtres.write.1.tlog
g:\git\dx_clock\dx_clock\x64\debug\dx_clock.tlog\link.25872-rc.read.1.tlog
g:\git\dx_clock\dx_clock\x64\debug\dx_clock.tlog\link.25872-rc.write.1.tlog
g:\git\dx_clock\dx_clock\x64\debug\dx_clock.tlog\link.25872.read.1.tlog
g:\git\dx_clock\dx_clock\x64\debug\dx_clock.tlog\link.25872.read.2.tlog
g:\git\dx_clock\dx_clock\x64\debug\dx_clock.tlog\link.25872.write.1.tlog
g:\git\dx_clock\dx_clock\x64\debug\dx_clock.tlog\link.command.1.tlog
g:\git\dx_clock\dx_clock\x64\debug\dx_clock.tlog\link.read.1.tlog
g:\git\dx_clock\dx_clock\x64\debug\dx_clock.tlog\link.read.2.tlog
g:\git\dx_clock\dx_clock\x64\debug\dx_clock.tlog\link.secondary.1.tlog
g:\git\dx_clock\dx_clock\x64\debug\dx_clock.tlog\link.write.1.tlog
